<?xml version="1.0" encoding="UTF-8"?>
<!-- Generated by org.testng.reporters.JUnitXMLReporter -->
<testsuite hostname="v-poori8" name="Test for Login" tests="3" failures="0" timestamp="14 Nov 2016 10:27:11 GMT" time="21.563" errors="0">
  <testcase name="NshoreLoginCheck" time="10.281" classname="TestCases.LoginNshore"/>
  <testcase name="ReadExceltestdata" time="0.67" classname="TestCases.LoginNshore"/>
  <testcase name="gmaillogin" time="10.592" classname="TestCases.LoginNshore"/>
</testsuite> <!-- Test for Login -->
