<?xml version="1.0" encoding="UTF-8"?>
<!-- Generated by org.testng.reporters.JUnitXMLReporter -->
<testsuite hostname="v-poori8" name="Default test" tests="3" failures="0" timestamp="27 Oct 2016 07:13:02 GMT" time="0.046" errors="0">
  <testcase name="test1" time="0.008" classname="SeleniumDay1Learning.TestNGCodeinJunitcase"/>
  <testcase name="test2" time="0.003" classname="SeleniumDay1Learning.TestNGCodeinJunitcase"/>
  <testcase name="testmethod1" time="0.004" classname="SeleniumDay1Learning.TestNGCodeinJunitcase"/>
</testsuite> <!-- Default test -->
